[01m[K/home/saumya/catkin_ws2/src/quad/src/impulse_node.cpp:18:10:[m[K [01;31m[Kfatal error: [m[Kduration.h: No such file or directory
 #include [01;31m[K<duration.h>[m[K
          [01;31m[K^~~~~~~~~~~~[m[K
compilation terminated.
make[2]: *** [CMakeFiles/impulse_commands.dir/src/impulse_node.cpp.o] Error 1
make[1]: *** [CMakeFiles/impulse_commands.dir/all] Error 2
make: *** [all] Error 2
