[01m[K/home/saumya/catkin_ws2/src/quad/src/wind_node.cpp:[m[K In function â€˜[01m[Kint main(int, char**)[m[Kâ€™:
[01m[K/home/saumya/catkin_ws2/src/quad/src/wind_node.cpp:65:5:[m[K [01;31m[Kerror: [m[Kâ€˜[01m[Ksecs[m[Kâ€™ was not declared in this scope
     [01;31m[Ksecs[m[K = now_request.toSec();
     [01;31m[K^~~~[m[K
[01m[K/home/saumya/catkin_ws2/src/quad/src/wind_node.cpp:65:5:[m[K [01;36m[Knote: [m[Ksuggested alternative: â€˜[01m[Ksetns[m[Kâ€™
     [01;36m[Ksecs[m[K = now_request.toSec();
     [01;36m[K^~~~[m[K
     [32m[Ksetns[m[K
make[2]: *** [CMakeFiles/wind_commands.dir/src/wind_node.cpp.o] Error 1
make[1]: *** [CMakeFiles/wind_commands.dir/all] Error 2
make: *** [all] Error 2
