[01m[K/home/saumya/catkin_ws2/src/quad/src/impulse_node.cpp:[m[K In function â€˜[01m[Kvoid imu_cb(const ConstPtr&)[m[Kâ€™:
[01m[K/home/saumya/catkin_ws2/src/quad/src/impulse_node.cpp:33:5:[m[K [01;31m[Kerror: [m[Kâ€˜[01m[Kimu_data[m[Kâ€™ was not declared in this scope
     [01;31m[Kimu_data[m[K =*msg;
     [01;31m[K^~~~~~~~[m[K
[01m[K/home/saumya/catkin_ws2/src/quad/src/impulse_node.cpp:33:5:[m[K [01;36m[Knote: [m[Ksuggested alternative: â€˜[01m[KImu_data[m[Kâ€™
     [01;36m[Kimu_data[m[K =*msg;
     [01;36m[K^~~~~~~~[m[K
     [32m[KImu_data[m[K
[01m[K/home/saumya/catkin_ws2/src/quad/src/impulse_node.cpp:[m[K In function â€˜[01m[Kint main(int, char**)[m[Kâ€™:
[01m[K/home/saumya/catkin_ws2/src/quad/src/impulse_node.cpp:47:21:[m[K [01;31m[Kerror: [m[Kredeclaration of â€˜[01m[Kros::Subscriber currentHeading[m[Kâ€™
     ros::Subscriber [01;31m[KcurrentHeading[m[K = nh.subscribe<sensor_msgs::Imu>("mavros/imu/data",10, imu_cb);
                     [01;31m[K^~~~~~~~~~~~~~[m[K
[01m[K/home/saumya/catkin_ws2/src/quad/src/impulse_node.cpp:46:21:[m[K [01;36m[Knote: [m[Kâ€˜[01m[Kros::Subscriber currentHeading[m[Kâ€™ previously declared here
     ros::Subscriber [01;36m[KcurrentHeading[m[K = nh.subscribe<geometry_msgs::TwistStamped>("mavros/local_position/velocity",10, velocity_cb);
                     [01;36m[K^~~~~~~~~~~~~~[m[K
make[2]: *** [CMakeFiles/impulse_commands.dir/src/impulse_node.cpp.o] Error 1
make[1]: *** [CMakeFiles/impulse_commands.dir/all] Error 2
make: *** [all] Error 2
