[01m[K/home/saumya/catkin_ws2/src/quad/src/impulse_node.cpp:[m[K In function â€˜[01m[Kint main(int, char**)[m[Kâ€™:
[01m[K/home/saumya/catkin_ws2/src/quad/src/impulse_node.cpp:95:13:[m[K [01;31m[Kerror: [m[Kâ€˜[01m[Kstruct gazebo_msgs::ApplyBodyWrench[m[Kâ€™ has no member named â€˜[01m[Kbody_name[m[Kâ€™
     impulse.[01;31m[Kbody_name[m[K = "test::base_link";
             [01;31m[K^~~~~~~~~[m[K
[01m[K/home/saumya/catkin_ws2/src/quad/src/impulse_node.cpp:96:13:[m[K [01;31m[Kerror: [m[Kâ€˜[01m[Kstruct gazebo_msgs::ApplyBodyWrench[m[Kâ€™ has no member named â€˜[01m[Kwrench[m[Kâ€™
     impulse.[01;31m[Kwrench[m[K = wrench_body;
             [01;31m[K^~~~~~[m[K
[01m[K/home/saumya/catkin_ws2/src/quad/src/impulse_node.cpp:97:13:[m[K [01;31m[Kerror: [m[Kâ€˜[01m[Kstruct gazebo_msgs::ApplyBodyWrench[m[Kâ€™ has no member named â€˜[01m[Kduration[m[Kâ€™
     impulse.[01;31m[Kduration[m[K = ros::Duration(1.0);
             [01;31m[K^~~~~~~~[m[K
make[2]: *** [CMakeFiles/impulse_commands.dir/src/impulse_node.cpp.o] Error 1
make[1]: *** [CMakeFiles/impulse_commands.dir/all] Error 2
make: *** [all] Error 2
