[01m[K/home/saumya/catkin_ws2/src/quad/src/impulse_node.cpp:[m[K In function â€˜[01m[Kint main(int, char**)[m[Kâ€™:
[01m[K/home/saumya/catkin_ws2/src/quad/src/impulse_node.cpp:81:27:[m[K [01;31m[Kerror: [m[Kâ€˜[01m[Kbody_name[m[Kâ€™ was not declared in this scope
         send_impulse.call([01;31m[Kbody_name[m[K: "test::base_link", wrench: wrench_body, duration: ros::Duration(10));
                           [01;31m[K^~~~~~~~~[m[K
[01m[K/home/saumya/catkin_ws2/src/quad/src/impulse_node.cpp:81:27:[m[K [01;36m[Knote: [m[Ksuggested alternative: â€˜[01m[Kbasename[m[Kâ€™
         send_impulse.call([01;36m[Kbody_name[m[K: "test::base_link", wrench: wrench_body, duration: ros::Duration(10));
                           [01;36m[K^~~~~~~~~[m[K
                           [32m[Kbasename[m[K
[01m[K/home/saumya/catkin_ws2/src/quad/src/impulse_node.cpp:81:63:[m[K [01;31m[Kerror: [m[Kfound â€˜[01m[K:[m[Kâ€™ in nested-name-specifier, expected â€˜[01m[K::[m[Kâ€™
         send_impulse.call(body_name: "test::base_link", wrench[01;31m[K:[m[K wrench_body, duration: ros::Duration(10));
                                                               [01;31m[K^[m[K
[01m[K/home/saumya/catkin_ws2/src/quad/src/impulse_node.cpp:81:57:[m[K [01;31m[Kerror: [m[Kâ€˜[01m[Kwrench[m[Kâ€™ has not been declared
         send_impulse.call(body_name: "test::base_link", [01;31m[Kwrench[m[K: wrench_body, duration: ros::Duration(10));
                                                         [01;31m[K^~~~~~[m[K
[01m[K/home/saumya/catkin_ws2/src/quad/src/impulse_node.cpp:81:86:[m[K [01;31m[Kerror: [m[Kfound â€˜[01m[K:[m[Kâ€™ in nested-name-specifier, expected â€˜[01m[K::[m[Kâ€™
         send_impulse.call(body_name: "test::base_link", wrench: wrench_body, duration[01;31m[K:[m[K ros::Duration(10));
                                                                                      [01;31m[K^[m[K
[01m[K/home/saumya/catkin_ws2/src/quad/src/impulse_node.cpp:81:78:[m[K [01;31m[Kerror: [m[Kâ€˜[01m[Kduration[m[Kâ€™ has not been declared
         send_impulse.call(body_name: "test::base_link", wrench: wrench_body, [01;31m[Kduration[m[K: ros::Duration(10));
                                                                              [01;31m[K^~~~~~~~[m[K
make[2]: *** [CMakeFiles/impulse_commands.dir/src/impulse_node.cpp.o] Error 1
make[1]: *** [CMakeFiles/impulse_commands.dir/all] Error 2
make: *** [all] Error 2
