[01m[K/home/saumya/catkin_ws2/src/quad/src/impulse_node.cpp:[m[K In function â€˜[01m[Kint main(int, char**)[m[Kâ€™:
[01m[K/home/saumya/catkin_ws2/src/quad/src/impulse_node.cpp:81:27:[m[K [01;31m[Kerror: [m[Kâ€˜[01m[Ksend_wrench[m[Kâ€™ was not declared in this scope
         send_impulse.call([01;31m[Ksend_wrench[m[K);
                           [01;31m[K^~~~~~~~~~~[m[K
make[2]: *** [CMakeFiles/impulse_commands.dir/src/impulse_node.cpp.o] Error 1
make[1]: *** [CMakeFiles/impulse_commands.dir/all] Error 2
make: *** [all] Error 2
